<?xml version="1.0" encoding="UTF-8"?>
<testng-results ignored="1" total="7" passed="5" failed="1" skipped="0">
  <reporter-output>
  </reporter-output>
  <suite started-at="2019-12-23T15:44:36Z" name="Default suite" finished-at="2019-12-23T15:47:47Z" duration-ms="190379">
    <groups>
    </groups>
    <test started-at="2019-12-23T15:44:36Z" name="Default test" finished-at="2019-12-23T15:47:47Z" duration-ms="190379">
      <class name="com.crm.qa.testcase.AccountPageTest">
        <test-method is-config="true" signature="setup()[pri:0, instance:com.crm.qa.testcase.AccountPageTest@5aebe890]" started-at="2019-12-23T15:44:37Z" name="setup" finished-at="2019-12-23T15:44:59Z" duration-ms="22703" status="PASS">
          <reporter-output>
          </reporter-output>
        </test-method> <!-- setup -->
        <test-method signature="AccountTitleTest()[pri:1, instance:com.crm.qa.testcase.AccountPageTest@5aebe890]" started-at="2019-12-23T15:44:59Z" name="AccountTitleTest" finished-at="2019-12-23T15:44:59Z" duration-ms="30" status="FAIL">
          <exception class="java.lang.AssertionError">
            <message>
              <![CDATA[expected [Account Setup|Hubspot] but found [HubSpot Login]]]>
            </message>
            <full-stacktrace>
              <![CDATA[java.lang.AssertionError: expected [Account Setup|Hubspot] but found [HubSpot Login]
at org.testng.Assert.fail(Assert.java:96)
at org.testng.Assert.failNotEquals(Assert.java:776)
at org.testng.Assert.assertEqualsImpl(Assert.java:137)
at org.testng.Assert.assertEquals(Assert.java:118)
at org.testng.Assert.assertEquals(Assert.java:453)
at org.testng.Assert.assertEquals(Assert.java:463)
at com.crm.qa.testcase.AccountPageTest.AccountTitleTest(AccountPageTest.java:34)
at java.base/jdk.internal.reflect.NativeMethodAccessorImpl.invoke0(Native Method)
at java.base/jdk.internal.reflect.NativeMethodAccessorImpl.invoke(NativeMethodAccessorImpl.java:62)
at java.base/jdk.internal.reflect.DelegatingMethodAccessorImpl.invoke(DelegatingMethodAccessorImpl.java:43)
at java.base/java.lang.reflect.Method.invoke(Method.java:566)
at org.testng.internal.MethodInvocationHelper.invokeMethod(MethodInvocationHelper.java:124)
at org.testng.internal.Invoker.invokeMethod(Invoker.java:583)
at org.testng.internal.Invoker.invokeTestMethod(Invoker.java:719)
at org.testng.internal.Invoker.invokeTestMethods(Invoker.java:989)
at org.testng.internal.TestMethodWorker.invokeTestMethods(TestMethodWorker.java:125)
at org.testng.internal.TestMethodWorker.run(TestMethodWorker.java:109)
at org.testng.TestRunner.privateRun(TestRunner.java:648)
at org.testng.TestRunner.run(TestRunner.java:505)
at org.testng.SuiteRunner.runTest(SuiteRunner.java:455)
at org.testng.SuiteRunner.runSequentially(SuiteRunner.java:450)
at org.testng.SuiteRunner.privateRun(SuiteRunner.java:415)
at org.testng.SuiteRunner.run(SuiteRunner.java:364)
at org.testng.SuiteRunnerWorker.runSuite(SuiteRunnerWorker.java:52)
at org.testng.SuiteRunnerWorker.run(SuiteRunnerWorker.java:84)
at org.testng.TestNG.runSuitesSequentially(TestNG.java:1208)
at org.testng.TestNG.runSuitesLocally(TestNG.java:1137)
at org.testng.TestNG.runSuites(TestNG.java:1049)
at org.testng.TestNG.run(TestNG.java:1017)
at org.testng.remote.AbstractRemoteTestNG.run(AbstractRemoteTestNG.java:115)
at org.testng.remote.RemoteTestNG.initAndRun(RemoteTestNG.java:251)
at org.testng.remote.RemoteTestNG.main(RemoteTestNG.java:77)
]]>
            </full-stacktrace>
          </exception> <!-- java.lang.AssertionError -->
          <reporter-output>
          </reporter-output>
        </test-method> <!-- AccountTitleTest -->
        <test-method is-config="true" signature="TearDown()[pri:0, instance:com.crm.qa.testcase.AccountPageTest@5aebe890]" started-at="2019-12-23T15:44:59Z" name="TearDown" finished-at="2019-12-23T15:45:05Z" duration-ms="5859" status="PASS">
          <reporter-output>
          </reporter-output>
        </test-method> <!-- TearDown -->
        <test-method is-config="true" signature="setup()[pri:0, instance:com.crm.qa.testcase.AccountPageTest@5aebe890]" started-at="2019-12-23T15:45:05Z" name="setup" finished-at="2019-12-23T15:45:25Z" duration-ms="19527" status="PASS">
          <reporter-output>
          </reporter-output>
        </test-method> <!-- setup -->
        <test-method signature="HomePageLogoTest()[pri:2, instance:com.crm.qa.testcase.AccountPageTest@5aebe890]" started-at="2019-12-23T15:45:25Z" name="HomePageLogoTest" finished-at="2019-12-23T15:45:30Z" duration-ms="5752" status="PASS">
          <reporter-output>
          </reporter-output>
        </test-method> <!-- HomePageLogoTest -->
        <test-method is-config="true" signature="TearDown()[pri:0, instance:com.crm.qa.testcase.AccountPageTest@5aebe890]" started-at="2019-12-23T15:45:30Z" name="TearDown" finished-at="2019-12-23T15:45:36Z" duration-ms="5494" status="PASS">
          <reporter-output>
          </reporter-output>
        </test-method> <!-- TearDown -->
        <test-method is-config="true" signature="setup()[pri:0, instance:com.crm.qa.testcase.AccountPageTest@5aebe890]" started-at="2019-12-23T15:45:36Z" name="setup" finished-at="2019-12-23T15:45:58Z" duration-ms="22030" status="PASS">
          <reporter-output>
          </reporter-output>
        </test-method> <!-- setup -->
        <test-method signature="HomePageLogoClick()[pri:3, instance:com.crm.qa.testcase.AccountPageTest@5aebe890]" started-at="2019-12-23T15:45:58Z" name="HomePageLogoClick" finished-at="2019-12-23T15:46:06Z" duration-ms="8032" status="PASS">
          <reporter-output>
          </reporter-output>
        </test-method> <!-- HomePageLogoClick -->
        <test-method is-config="true" signature="TearDown()[pri:0, instance:com.crm.qa.testcase.AccountPageTest@5aebe890]" started-at="2019-12-23T15:46:06Z" name="TearDown" finished-at="2019-12-23T15:46:13Z" duration-ms="7388" status="PASS">
          <reporter-output>
          </reporter-output>
        </test-method> <!-- TearDown -->
        <test-method is-config="true" signature="setup()[pri:0, instance:com.crm.qa.testcase.AccountPageTest@5aebe890]" started-at="2019-12-23T15:46:13Z" name="setup" finished-at="2019-12-23T15:46:33Z" duration-ms="19889" status="PASS">
          <reporter-output>
          </reporter-output>
        </test-method> <!-- setup -->
        <test-method signature="ContactPageClickTest()[pri:4, instance:com.crm.qa.testcase.AccountPageTest@5aebe890]" started-at="2019-12-23T15:46:33Z" name="ContactPageClickTest" finished-at="2019-12-23T15:46:38Z" duration-ms="5145" status="PASS">
          <reporter-output>
          </reporter-output>
        </test-method> <!-- ContactPageClickTest -->
        <test-method is-config="true" signature="TearDown()[pri:0, instance:com.crm.qa.testcase.AccountPageTest@5aebe890]" started-at="2019-12-23T15:46:38Z" name="TearDown" finished-at="2019-12-23T15:46:44Z" duration-ms="5343" status="PASS">
          <reporter-output>
          </reporter-output>
        </test-method> <!-- TearDown -->
        <test-method is-config="true" signature="setup()[pri:0, instance:com.crm.qa.testcase.AccountPageTest@5aebe890]" started-at="2019-12-23T15:46:44Z" name="setup" finished-at="2019-12-23T15:47:05Z" duration-ms="21299" status="PASS">
          <reporter-output>
          </reporter-output>
        </test-method> <!-- setup -->
        <test-method signature="NotificationTest()[pri:5, instance:com.crm.qa.testcase.AccountPageTest@5aebe890]" started-at="2019-12-23T15:47:05Z" name="NotificationTest" finished-at="2019-12-23T15:47:12Z" duration-ms="6480" status="PASS">
          <reporter-output>
          </reporter-output>
        </test-method> <!-- NotificationTest -->
        <test-method is-config="true" signature="TearDown()[pri:0, instance:com.crm.qa.testcase.AccountPageTest@5aebe890]" started-at="2019-12-23T15:47:12Z" name="TearDown" finished-at="2019-12-23T15:47:17Z" duration-ms="5029" status="PASS">
          <reporter-output>
          </reporter-output>
        </test-method> <!-- TearDown -->
        <test-method is-config="true" signature="setup()[pri:0, instance:com.crm.qa.testcase.AccountPageTest@5aebe890]" started-at="2019-12-23T15:47:17Z" name="setup" finished-at="2019-12-23T15:47:37Z" duration-ms="19947" status="PASS">
          <reporter-output>
          </reporter-output>
        </test-method> <!-- setup -->
        <test-method signature="ValidateSearchTest()[pri:6, instance:com.crm.qa.testcase.AccountPageTest@5aebe890]" started-at="2019-12-23T15:47:37Z" name="ValidateSearchTest" finished-at="2019-12-23T15:47:41Z" duration-ms="4473" status="PASS">
          <reporter-output>
          </reporter-output>
        </test-method> <!-- ValidateSearchTest -->
        <test-method is-config="true" signature="TearDown()[pri:0, instance:com.crm.qa.testcase.AccountPageTest@5aebe890]" started-at="2019-12-23T15:47:41Z" name="TearDown" finished-at="2019-12-23T15:47:47Z" duration-ms="5856" status="PASS">
          <reporter-output>
          </reporter-output>
        </test-method> <!-- TearDown -->
      </class> <!-- com.crm.qa.testcase.AccountPageTest -->
    </test> <!-- Default test -->
  </suite> <!-- Default suite -->
</testng-results>
